<?xml version="1.0" encoding="UTF-8"?>
<!-- Generated by org.testng.reporters.JUnitReportReporter -->
<testsuite ignored="0" hostname="DESKTOP-UCIU1R3" failures="0" tests="1" name="pruebang.Seltest" time="4.808" errors="0" timestamp="20 abr. 2024 16:46:41 GMT" skipped="0">
  <testcase classname="pruebang.Seltest" name="test01" time="4.808"/>
</testsuite> <!-- pruebang.Seltest -->
